I, [2017-08-01T17:14:07.802054 #2791]  INFO -- : Refreshing Gem list
/home/nw/.rvm/gems/ruby-2.4.0/gems/devise-4.3.0/lib/devise/rails/routes.rb:498:in `raise_no_secret_key': Devise.secret_key was not set. Please add the following to your Devise initializer: (RuntimeError)

  config.secret_key = 'cc42d56d054179ccb1bccbc29f946f3d80015f0edd7b565bc26b3c9b1fd32a1543a560bbb4e0ed3327b9bae5ae0fb3db1befb3356ddde948e5b187f40f06b191'

Please ensure you restarted your application after installing Devise or setting the key.
	from /home/nw/.rvm/gems/ruby-2.4.0/gems/devise-4.3.0/lib/devise/rails/routes.rb:226:in `devise_for'
	from /home/nw/rails_apps/simple/config/routes.rb:2:in `block in <top (required)>'
	from /home/nw/.rvm/gems/ruby-2.4.0/gems/actionpack-5.1.2/lib/action_dispatch/routing/route_set.rb:424:in `instance_exec'
	from /home/nw/.rvm/gems/ruby-2.4.0/gems/actionpack-5.1.2/lib/action_dispatch/routing/route_set.rb:424:in `eval_block'
	from /home/nw/.rvm/gems/ruby-2.4.0/gems/actionpack-5.1.2/lib/action_dispatch/routing/route_set.rb:406:in `draw'
	from /home/nw/rails_apps/simple/config/routes.rb:1:in `<top (required)>'
	from /home/nw/.rvm/gems/ruby-2.4.0/gems/activesupport-5.1.2/lib/active_support/dependencies.rb:286:in `load'
	from /home/nw/.rvm/gems/ruby-2.4.0/gems/activesupport-5.1.2/lib/active_support/dependencies.rb:286:in `block in load'
	from /home/nw/.rvm/gems/ruby-2.4.0/gems/activesupport-5.1.2/lib/active_support/dependencies.rb:258:in `load_dependency'
	from /home/nw/.rvm/gems/ruby-2.4.0/gems/activesupport-5.1.2/lib/active_support/dependencies.rb:286:in `load'
	from /home/nw/.rvm/gems/ruby-2.4.0/gems/railties-5.1.2/lib/rails/application/routes_reloader.rb:55:in `block in load_paths'
	from /home/nw/.rvm/gems/ruby-2.4.0/gems/railties-5.1.2/lib/rails/application/routes_reloader.rb:55:in `each'
	from /home/nw/.rvm/gems/ruby-2.4.0/gems/railties-5.1.2/lib/rails/application/routes_reloader.rb:55:in `load_paths'
	from /home/nw/.rvm/gems/ruby-2.4.0/gems/railties-5.1.2/lib/rails/application/routes_reloader.rb:18:in `reload!'
	from /home/nw/.rvm/gems/ruby-2.4.0/gems/railties-5.1.2/lib/rails/application.rb:164:in `reload_routes!'
	from /home/nw/.rvm/gems/ruby-2.4.0/gems/devise-4.3.0/lib/devise/rails.rb:15:in `block in <class:Engine>'
	from /home/nw/.rvm/gems/ruby-2.4.0/gems/activesupport-5.1.2/lib/active_support/lazy_load_hooks.rb:43:in `execute_hook'
	from /home/nw/.rvm/gems/ruby-2.4.0/gems/activesupport-5.1.2/lib/active_support/lazy_load_hooks.rb:52:in `block in run_load_hooks'
	from /home/nw/.rvm/gems/ruby-2.4.0/gems/activesupport-5.1.2/lib/active_support/lazy_load_hooks.rb:51:in `each'
	from /home/nw/.rvm/gems/ruby-2.4.0/gems/activesupport-5.1.2/lib/active_support/lazy_load_hooks.rb:51:in `run_load_hooks'
	from /home/nw/.rvm/gems/ruby-2.4.0/gems/railties-5.1.2/lib/rails/application/finisher.rb:66:in `block in <module:Finisher>'
	from /home/nw/.rvm/gems/ruby-2.4.0/gems/railties-5.1.2/lib/rails/initializable.rb:30:in `instance_exec'
	from /home/nw/.rvm/gems/ruby-2.4.0/gems/railties-5.1.2/lib/rails/initializable.rb:30:in `run'
	from /home/nw/.rvm/gems/ruby-2.4.0/gems/railties-5.1.2/lib/rails/initializable.rb:59:in `block in run_initializers'
	from /usr/share/rvm/rubies/ruby-2.4.0/lib/ruby/2.4.0/tsort.rb:228:in `block in tsort_each'
	from /usr/share/rvm/rubies/ruby-2.4.0/lib/ruby/2.4.0/tsort.rb:350:in `block (2 levels) in each_strongly_connected_component'
	from /usr/share/rvm/rubies/ruby-2.4.0/lib/ruby/2.4.0/tsort.rb:431:in `each_strongly_connected_component_from'
	from /usr/share/rvm/rubies/ruby-2.4.0/lib/ruby/2.4.0/tsort.rb:349:in `block in each_strongly_connected_component'
	from /usr/share/rvm/rubies/ruby-2.4.0/lib/ruby/2.4.0/tsort.rb:347:in `each'
	from /usr/share/rvm/rubies/ruby-2.4.0/lib/ruby/2.4.0/tsort.rb:347:in `call'
	from /usr/share/rvm/rubies/ruby-2.4.0/lib/ruby/2.4.0/tsort.rb:347:in `each_strongly_connected_component'
	from /usr/share/rvm/rubies/ruby-2.4.0/lib/ruby/2.4.0/tsort.rb:226:in `tsort_each'
	from /usr/share/rvm/rubies/ruby-2.4.0/lib/ruby/2.4.0/tsort.rb:205:in `tsort_each'
	from /home/nw/.rvm/gems/ruby-2.4.0/gems/railties-5.1.2/lib/rails/initializable.rb:58:in `run_initializers'
	from /home/nw/.rvm/gems/ruby-2.4.0/gems/railties-5.1.2/lib/rails/application.rb:353:in `initialize!'
	from /home/nw/rails_apps/simple/config/environment.rb:5:in `<top (required)>'
	from config.ru:4:in `require_relative'
	from config.ru:4:in `block in <main>'
	from /home/nw/.rvm/gems/ruby-2.4.0/gems/rack-2.0.3/lib/rack/builder.rb:55:in `instance_eval'
	from /home/nw/.rvm/gems/ruby-2.4.0/gems/rack-2.0.3/lib/rack/builder.rb:55:in `initialize'
	from config.ru:1:in `new'
	from config.ru:1:in `<main>'
	from /home/nw/.rvm/gems/ruby-2.4.0/gems/unicorn-5.3.0/lib/unicorn.rb:56:in `eval'
	from /home/nw/.rvm/gems/ruby-2.4.0/gems/unicorn-5.3.0/lib/unicorn.rb:56:in `block in builder'
	from /home/nw/.rvm/gems/ruby-2.4.0/gems/unicorn-5.3.0/lib/unicorn/http_server.rb:796:in `build_app!'
	from /home/nw/.rvm/gems/ruby-2.4.0/gems/unicorn-5.3.0/lib/unicorn/http_server.rb:139:in `start'
	from /home/nw/.rvm/gems/ruby-2.4.0/gems/unicorn-5.3.0/bin/unicorn:126:in `<top (required)>'
	from /home/nw/.rvm/gems/ruby-2.4.0/bin/unicorn:22:in `load'
	from /home/nw/.rvm/gems/ruby-2.4.0/bin/unicorn:22:in `<main>'
	from /home/nw/.rvm/gems/ruby-2.4.0/bin/ruby_executable_hooks:15:in `eval'
	from /home/nw/.rvm/gems/ruby-2.4.0/bin/ruby_executable_hooks:15:in `<main>'
